0 info it worked if it ends with ok
1 verbose cli [ '/usr/local/bin/node-5',
1 verbose cli   '/usr/local/bin/npm',
1 verbose cli   'run',
1 verbose cli   'watch',
1 verbose cli   '--',
1 verbose cli   '--bail' ]
2 info using npm@3.3.12
3 info using node@v5.1.0
4 verbose run-script [ 'prewatch', 'watch', 'postwatch' ]
5 info lifecycle state-view@0.0.1~prewatch: state-view@0.0.1
6 silly lifecycle state-view@0.0.1~prewatch: no script for prewatch, continuing
7 info lifecycle state-view@0.0.1~watch: state-view@0.0.1
8 verbose lifecycle state-view@0.0.1~watch: unsafe-perm in lifecycle true
9 verbose lifecycle state-view@0.0.1~watch: PATH: /usr/local/lib/node_modules/npm/bin/node-gyp-bin:/home/zh/StateView/node_modules/.bin:/usr/local/sbin:/usr/local/bin:/usr/sbin:/usr/bin:/sbin:/bin:/usr/games:/usr/local/games
10 verbose lifecycle state-view@0.0.1~watch: CWD: /home/zh/StateView
11 silly lifecycle state-view@0.0.1~watch: Args: [ '-c', 'jest --watch=all "--bail"' ]
12 silly lifecycle state-view@0.0.1~watch: Returned: code: 1  signal: null
13 info lifecycle state-view@0.0.1~watch: Failed to exec watch script
14 verbose stack Error: state-view@0.0.1 watch: `jest --watch=all "--bail"`
14 verbose stack Exit status 1
14 verbose stack     at EventEmitter.<anonymous> (/usr/local/lib/node_modules/npm/lib/utils/lifecycle.js:232:16)
14 verbose stack     at emitTwo (events.js:87:13)
14 verbose stack     at EventEmitter.emit (events.js:172:7)
14 verbose stack     at ChildProcess.<anonymous> (/usr/local/lib/node_modules/npm/lib/utils/spawn.js:24:14)
14 verbose stack     at emitTwo (events.js:87:13)
14 verbose stack     at ChildProcess.emit (events.js:172:7)
14 verbose stack     at maybeClose (internal/child_process.js:818:16)
14 verbose stack     at Process.ChildProcess._handle.onexit (internal/child_process.js:211:5)
15 verbose pkgid state-view@0.0.1
16 verbose cwd /home/zh/StateView
17 error Linux 3.16.0-69-generic
18 error argv "/usr/local/bin/node-5" "/usr/local/bin/npm" "run" "watch" "--" "--bail"
19 error node v5.1.0
20 error npm  v3.3.12
21 error code ELIFECYCLE
22 error state-view@0.0.1 watch: `jest --watch=all "--bail"`
22 error Exit status 1
23 error Failed at the state-view@0.0.1 watch script 'jest --watch=all "--bail"'.
23 error Make sure you have the latest version of node.js and npm installed.
23 error If you do, this is most likely a problem with the state-view package,
23 error not with npm itself.
23 error Tell the author that this fails on your system:
23 error     jest --watch=all "--bail"
23 error You can get their info via:
23 error     npm owner ls state-view
23 error There is likely additional logging output above.
24 verbose exit [ 1, true ]
